Build started 3/1/2013 1:21:06 AM.
     1>Project "C:\Users\Keith\Documents\csce315\315database\DBMS.vcxproj" on node 2 (Build target(s)).
     1>ClCompile:
         C:\Program Files (x86)\Microsoft Visual Studio 11.0\VC\bin\CL.exe /c /ZI /nologo /W3 /WX- /Od /Oy- /D WIN32 /D _DEBUG /D _CONSOLE /D _UNICODE /D UNICODE /Gm /EHsc /RTC1 /MDd /GS /fp:precise /Zc:wchar_t /Zc:forScope /Fo"Debug\\" /Fd"Debug\vc110.pdb" /Gd /TP /analyze- /errorReport:prompt Database.cpp main.cpp Record.cpp Table.cpp testAPI.cpp
         testAPI.cpp
         Table.cpp
     1>c:\users\keith\documents\csce315\315database\record.h(132): warning C4018: '>=' : signed/unsigned mismatch
     1>c:\users\keith\documents\csce315\315database\table.cpp(141): warning C4018: '<' : signed/unsigned mismatch
     1>c:\users\keith\documents\csce315\315database\table.cpp(159): warning C4018: '>=' : signed/unsigned mismatch
     1>c:\users\keith\documents\csce315\315database\table.cpp(166): warning C4018: '<' : signed/unsigned mismatch
     1>c:\users\keith\documents\csce315\315database\table.cpp(248): warning C4018: '<' : signed/unsigned mismatch
     1>c:\users\keith\documents\csce315\315database\table.cpp(265): warning C4018: '<' : signed/unsigned mismatch
     1>c:\users\keith\documents\csce315\315database\table.cpp(314): warning C4018: '<' : signed/unsigned mismatch
     1>c:\users\keith\documents\csce315\315database\table.cpp(360): warning C4018: '<' : signed/unsigned mismatch
     1>c:\users\keith\documents\csce315\315database\table.cpp(367): warning C4244: 'return' : conversion from 'double' to 'int', possible loss of data
     1>c:\users\keith\documents\csce315\315database\table.cpp(388): warning C4018: '<' : signed/unsigned mismatch
     1>c:\users\keith\documents\csce315\315database\table.cpp(417): warning C4018: '<' : signed/unsigned mismatch
     1>c:\users\keith\documents\csce315\315database\table.cpp(453): warning C4018: '<' : signed/unsigned mismatch
         Record.cpp
     1>c:\users\keith\documents\csce315\315database\record.h(132): warning C4018: '>=' : signed/unsigned mismatch
     1>c:\users\keith\documents\csce315\315database\record.cpp(18): warning C4018: '>=' : signed/unsigned mismatch
     1>c:\users\keith\documents\csce315\315database\record.cpp(38): warning C4018: '>' : signed/unsigned mismatch
         main.cpp
     1>c:\users\keith\documents\csce315\315database\record.h(132): warning C4018: '>=' : signed/unsigned mismatch
         Database.cpp
     1>c:\users\keith\documents\csce315\315database\database.cpp(1): warning C4067: unexpected tokens following preprocessor directive - expected a newline
     1>c:\users\keith\documents\csce315\315database\record.h(132): warning C4018: '>=' : signed/unsigned mismatch
     1>c:\users\keith\documents\csce315\315database\database.cpp(141): warning C4018: '<' : signed/unsigned mismatch
     1>c:\users\keith\documents\csce315\315database\database.cpp(375): warning C4018: '<' : signed/unsigned mismatch
     1>c:\users\keith\documents\csce315\315database\database.cpp(394): warning C4018: '<' : signed/unsigned mismatch
     1>c:\users\keith\documents\csce315\315database\database.cpp(415): warning C4018: '<' : signed/unsigned mismatch
     1>c:\users\keith\documents\csce315\315database\database.cpp(462): warning C4018: '<' : signed/unsigned mismatch
     1>c:\users\keith\documents\csce315\315database\database.cpp(495): warning C4018: '<' : signed/unsigned mismatch
     1>c:\users\keith\documents\csce315\315database\database.cpp(523): warning C4018: '<' : signed/unsigned mismatch
     1>c:\users\keith\documents\csce315\315database\database.cpp(553): warning C4018: '<' : signed/unsigned mismatch
         Generating Code...
     1>c:\users\keith\documents\csce315\315database\record.cpp(27): warning C4715: 'Record::get_entry' : not all control paths return a value
     1>c:\users\keith\documents\csce315\315database\record.cpp(83): warning C4715: 'Record::operator=' : not all control paths return a value
     1>c:\users\keith\documents\csce315\315database\table.cpp(176): warning C4715: 'Table::get_record_at' : not all control paths return a value
     1>c:\users\keith\documents\csce315\315database\table.cpp(433): warning C4715: 'Table::entry_min' : not all control paths return a value
     1>c:\users\keith\documents\csce315\315database\table.cpp(469): warning C4715: 'Table::entry_max' : not all control paths return a value
       Link:
         C:\Program Files (x86)\Microsoft Visual Studio 11.0\VC\bin\link.exe /ERRORREPORT:PROMPT /OUT:"C:\Users\Keith\Documents\csce315\315database\Debug\DBMS.exe" /INCREMENTAL /NOLOGO kernel32.lib user32.lib gdi32.lib winspool.lib comdlg32.lib advapi32.lib shell32.lib ole32.lib oleaut32.lib uuid.lib odbc32.lib odbccp32.lib /MANIFEST /MANIFESTUAC:"level='asInvoker' uiAccess='false'" /manifest:embed /DEBUG /PDB:"C:\Users\Keith\Documents\csce315\315database\Debug\DBMS.pdb" /SUBSYSTEM:CONSOLE /TLBID:1 /DYNAMICBASE /NXCOMPAT /IMPLIB:"C:\Users\Keith\Documents\csce315\315database\Debug\DBMS.lib" /MACHINE:X86 Debug\Database.obj
         Debug\main.obj
         Debug\Record.obj
         Debug\Table.obj
         Debug\testAPI.obj
         DBMS.vcxproj -> C:\Users\Keith\Documents\csce315\315database\Debug\DBMS.exe
     1>Done Building Project "C:\Users\Keith\Documents\csce315\315database\DBMS.vcxproj" (Build target(s)).

Build succeeded.

Time Elapsed 00:00:14.12
