Build started 2/26/2013 4:36:06 PM.
     1>Project "C:\Users\Keith\Documents\csce315\315database\dll\APIteam19\APIteam19\APIteam19.vcxproj" on node 2 (Build target(s)).
     1>ClCompile:
         C:\Program Files (x86)\Microsoft Visual Studio 11.0\VC\bin\CL.exe /c /ZI /nologo /W3 /WX- /Od /Oy- /D WIN32 /D _DEBUG /D _WINDOWS /D _USRDLL /D APITEAM19_EXPORTS /D _WINDLL /D _UNICODE /D UNICODE /Gm /EHsc /RTC1 /MDd /GS /fp:precise /Zc:wchar_t /Zc:forScope /Yu"stdafx.h" /Fp"Debug\APIteam19.pch" /Fo"Debug\\" /Fd"Debug\vc110.pdb" /Gd /TP /analyze- /errorReport:prompt Database.cpp Record.cpp Table.cpp
         Table.cpp
     1>c:\users\keith\documents\csce315\315database\dll\apiteam19\apiteam19\record.h(131): error C2059: syntax error : 'constant'
     1>c:\users\keith\documents\csce315\315database\dll\apiteam19\apiteam19\record.h(132): error C2334: unexpected token(s) preceding '{'; skipping apparent function body
     1>c:\users\keith\documents\csce315\315database\dll\apiteam19\apiteam19\table.cpp(141): warning C4018: '<' : signed/unsigned mismatch
     1>c:\users\keith\documents\csce315\315database\dll\apiteam19\apiteam19\table.cpp(159): warning C4018: '>=' : signed/unsigned mismatch
     1>c:\users\keith\documents\csce315\315database\dll\apiteam19\apiteam19\table.cpp(166): warning C4018: '<' : signed/unsigned mismatch
     1>c:\users\keith\documents\csce315\315database\dll\apiteam19\apiteam19\table.cpp(248): warning C4018: '<' : signed/unsigned mismatch
     1>c:\users\keith\documents\csce315\315database\dll\apiteam19\apiteam19\table.cpp(252): error C2059: syntax error : '('
     1>c:\users\keith\documents\csce315\315database\dll\apiteam19\apiteam19\table.cpp(253): error C2039: 'Row' : is not a member of 'Record'
                 c:\users\keith\documents\csce315\315database\dll\apiteam19\apiteam19\record.h(20) : see declaration of 'Record'
     1>c:\users\keith\documents\csce315\315database\dll\apiteam19\apiteam19\table.cpp(253): error C2039: 'push_back' : is not a member of 'Record'
                 c:\users\keith\documents\csce315\315database\dll\apiteam19\apiteam19\record.h(20) : see declaration of 'Record'
     1>c:\users\keith\documents\csce315\315database\dll\apiteam19\apiteam19\table.cpp(265): warning C4018: '<' : signed/unsigned mismatch
     1>c:\users\keith\documents\csce315\315database\dll\apiteam19\apiteam19\table.cpp(314): warning C4018: '<' : signed/unsigned mismatch
     1>c:\users\keith\documents\csce315\315database\dll\apiteam19\apiteam19\table.cpp(360): warning C4018: '<' : signed/unsigned mismatch
     1>c:\users\keith\documents\csce315\315database\dll\apiteam19\apiteam19\table.cpp(367): warning C4244: 'return' : conversion from 'double' to 'int', possible loss of data
     1>c:\users\keith\documents\csce315\315database\dll\apiteam19\apiteam19\table.cpp(388): warning C4018: '<' : signed/unsigned mismatch
     1>c:\users\keith\documents\csce315\315database\dll\apiteam19\apiteam19\table.cpp(417): warning C4018: '<' : signed/unsigned mismatch
     1>c:\users\keith\documents\csce315\315database\dll\apiteam19\apiteam19\table.cpp(453): warning C4018: '<' : signed/unsigned mismatch
         Record.cpp
     1>c:\users\keith\documents\csce315\315database\dll\apiteam19\apiteam19\record.cpp(1): warning C4627: '#include "Record.h"': skipped when looking for precompiled header use
                 Add directive to 'stdafx.h' or rebuild precompiled header
     1>c:\users\keith\documents\csce315\315database\dll\apiteam19\apiteam19\record.cpp(2): warning C4627: '#include "std_lib_facilities.h"': skipped when looking for precompiled header use
                 Add directive to 'stdafx.h' or rebuild precompiled header
     1>c:\users\keith\documents\csce315\315database\dll\apiteam19\apiteam19\record.cpp(11): error C2653: 'Record' : is not a class or namespace name
     1>c:\users\keith\documents\csce315\315database\dll\apiteam19\apiteam19\record.cpp(11): error C2065: 'String' : undeclared identifier
     1>c:\users\keith\documents\csce315\315database\dll\apiteam19\apiteam19\record.cpp(11): error C2923: 'std::vector' : 'String' is not a valid template type argument for parameter '_Ty'
     1>c:\users\keith\documents\csce315\315database\dll\apiteam19\apiteam19\record.cpp(12): error C4430: missing type specifier - int assumed. Note: C++ does not support default-int
     1>c:\users\keith\documents\csce315\315database\dll\apiteam19\apiteam19\record.cpp(13): error C2065: 'Tupel' : undeclared identifier
     1>c:\users\keith\documents\csce315\315database\dll\apiteam19\apiteam19\record.cpp(14): warning C4508: 'Record' : function should return a value; 'void' return type assumed
     1>c:\users\keith\documents\csce315\315database\dll\apiteam19\apiteam19\record.cpp(16): error C2653: 'Record' : is not a class or namespace name
     1>c:\users\keith\documents\csce315\315database\dll\apiteam19\apiteam19\record.cpp(16): error C2146: syntax error : missing ';' before identifier 'get_entry'
     1>c:\users\keith\documents\csce315\315database\dll\apiteam19\apiteam19\record.cpp(16): error C4430: missing type specifier - int assumed. Note: C++ does not support default-int
     1>c:\users\keith\documents\csce315\315database\dll\apiteam19\apiteam19\record.cpp(17): error C4430: missing type specifier - int assumed. Note: C++ does not support default-int
     1>c:\users\keith\documents\csce315\315database\dll\apiteam19\apiteam19\record.cpp(20): error C2065: 'Tupel' : undeclared identifier
     1>c:\users\keith\documents\csce315\315database\dll\apiteam19\apiteam19\record.cpp(20): error C2228: left of '.size' must have class/struct/union
                 type is ''unknown-type''
     1>c:\users\keith\documents\csce315\315database\dll\apiteam19\apiteam19\record.cpp(27): error C2065: 'Tupel' : undeclared identifier
     1>c:\users\keith\documents\csce315\315database\dll\apiteam19\apiteam19\record.cpp(27): warning C4508: 'get_entry' : function should return a value; 'void' return type assumed
     1>c:\users\keith\documents\csce315\315database\dll\apiteam19\apiteam19\record.cpp(31): error C2653: 'Record' : is not a class or namespace name
     1>c:\users\keith\documents\csce315\315database\dll\apiteam19\apiteam19\record.cpp(31): error C2061: syntax error : identifier 'String'
     1>c:\users\keith\documents\csce315\315database\dll\apiteam19\apiteam19\record.cpp(34): error C2065: 'Tupel' : undeclared identifier
     1>c:\users\keith\documents\csce315\315database\dll\apiteam19\apiteam19\record.cpp(34): error C2228: left of '.size' must have class/struct/union
                 type is ''unknown-type''
     1>c:\users\keith\documents\csce315\315database\dll\apiteam19\apiteam19\record.cpp(36): error C2065: 'Tupel' : undeclared identifier
     1>c:\users\keith\documents\csce315\315database\dll\apiteam19\apiteam19\record.cpp(36): error C2228: left of '.push_back' must have class/struct/union
                 type is ''unknown-type''
     1>c:\users\keith\documents\csce315\315database\dll\apiteam19\apiteam19\record.cpp(36): error C2065: 'replacement' : undeclared identifier
     1>c:\users\keith\documents\csce315\315database\dll\apiteam19\apiteam19\record.cpp(40): error C2065: 'Tupel' : undeclared identifier
     1>c:\users\keith\documents\csce315\315database\dll\apiteam19\apiteam19\record.cpp(40): error C2228: left of '.size' must have class/struct/union
                 type is ''unknown-type''
     1>c:\users\keith\documents\csce315\315database\dll\apiteam19\apiteam19\record.cpp(48): error C2065: 'Tupel' : undeclared identifier
     1>c:\users\keith\documents\csce315\315database\dll\apiteam19\apiteam19\record.cpp(48): error C2065: 'replacement' : undeclared identifier
     1>c:\users\keith\documents\csce315\315database\dll\apiteam19\apiteam19\record.cpp(54): error C2653: 'Record' : is not a class or namespace name
     1>c:\users\keith\documents\csce315\315database\dll\apiteam19\apiteam19\record.cpp(56): error C2065: 'Tupel' : undeclared identifier
     1>c:\users\keith\documents\csce315\315database\dll\apiteam19\apiteam19\record.cpp(56): error C2228: left of '.size' must have class/struct/union
                 type is ''unknown-type''
     1>c:\users\keith\documents\csce315\315database\dll\apiteam19\apiteam19\record.cpp(60): error C2653: 'Record' : is not a class or namespace name
     1>c:\users\keith\documents\csce315\315database\dll\apiteam19\apiteam19\record.cpp(60): fatal error C1903: unable to recover from previous error(s); stopping compilation
         Database.cpp
     1>c:\users\keith\documents\csce315\315database\dll\apiteam19\apiteam19\database.cpp(1): warning C4067: unexpected tokens following preprocessor directive - expected a newline
     1>c:\users\keith\documents\csce315\315database\dll\apiteam19\apiteam19\database.cpp(1): warning C4627: '#include "Database.h"': skipped when looking for precompiled header use
                 Add directive to 'stdafx.h' or rebuild precompiled header
     1>c:\users\keith\documents\csce315\315database\dll\apiteam19\apiteam19\database.cpp(5): error C2065: 'Database' : undeclared identifier
     1>c:\users\keith\documents\csce315\315database\dll\apiteam19\apiteam19\database.cpp(5): error C2065: 'a' : undeclared identifier
     1>c:\users\keith\documents\csce315\315database\dll\apiteam19\apiteam19\database.cpp(5): error C2065: 'String' : undeclared identifier
     1>c:\users\keith\documents\csce315\315database\dll\apiteam19\apiteam19\database.cpp(5): error C2146: syntax error : missing ')' before identifier 'name'
     1>c:\users\keith\documents\csce315\315database\dll\apiteam19\apiteam19\database.cpp(5): error C2078: too many initializers
     1>c:\users\keith\documents\csce315\315database\dll\apiteam19\apiteam19\database.cpp(5): error C2059: syntax error : ')'
     1>c:\users\keith\documents\csce315\315database\dll\apiteam19\apiteam19\database.cpp(5): error C2143: syntax error : missing ';' before '{'
     1>c:\users\keith\documents\csce315\315database\dll\apiteam19\apiteam19\database.cpp(5): error C2447: '{' : missing function header (old-style formal list?)
     1>c:\users\keith\documents\csce315\315database\dll\apiteam19\apiteam19\database.cpp(23): error C2065: 'Database' : undeclared identifier
     1>c:\users\keith\documents\csce315\315database\dll\apiteam19\apiteam19\database.cpp(23): error C2065: 'a' : undeclared identifier
     1>c:\users\keith\documents\csce315\315database\dll\apiteam19\apiteam19\database.cpp(23): error C2065: 'String' : undeclared identifier
     1>c:\users\keith\documents\csce315\315database\dll\apiteam19\apiteam19\database.cpp(23): error C2146: syntax error : missing ')' before identifier 'name'
     1>c:\users\keith\documents\csce315\315database\dll\apiteam19\apiteam19\database.cpp(23): error C2078: too many initializers
     1>c:\users\keith\documents\csce315\315database\dll\apiteam19\apiteam19\database.cpp(23): error C2059: syntax error : ')'
     1>c:\users\keith\documents\csce315\315database\dll\apiteam19\apiteam19\database.cpp(23): error C2143: syntax error : missing ';' before '{'
     1>c:\users\keith\documents\csce315\315database\dll\apiteam19\apiteam19\database.cpp(23): error C2447: '{' : missing function header (old-style formal list?)
     1>c:\users\keith\documents\csce315\315database\dll\apiteam19\apiteam19\database.cpp(37): error C2065: 'Database' : undeclared identifier
     1>c:\users\keith\documents\csce315\315database\dll\apiteam19\apiteam19\database.cpp(37): error C2065: 'a' : undeclared identifier
     1>c:\users\keith\documents\csce315\315database\dll\apiteam19\apiteam19\database.cpp(37): error C2062: type 'int' unexpected
     1>c:\users\keith\documents\csce315\315database\dll\apiteam19\apiteam19\database.cpp(37): error C2143: syntax error : missing ';' before '{'
     1>c:\users\keith\documents\csce315\315database\dll\apiteam19\apiteam19\database.cpp(37): error C2447: '{' : missing function header (old-style formal list?)
     1>c:\users\keith\documents\csce315\315database\dll\apiteam19\apiteam19\database.cpp(50): error C2653: 'Database' : is not a class or namespace name
     1>c:\users\keith\documents\csce315\315database\dll\apiteam19\apiteam19\database.cpp(50): error C4430: missing type specifier - int assumed. Note: C++ does not support default-int
     1>c:\users\keith\documents\csce315\315database\dll\apiteam19\apiteam19\database.cpp(51): error C2065: 'num_tables' : undeclared identifier
     1>c:\users\keith\documents\csce315\315database\dll\apiteam19\apiteam19\database.cpp(52): warning C4508: 'Database' : function should return a value; 'void' return type assumed
     1>c:\users\keith\documents\csce315\315database\dll\apiteam19\apiteam19\database.cpp(55): error C2653: 'Database' : is not a class or namespace name
     1>c:\users\keith\documents\csce315\315database\dll\apiteam19\apiteam19\database.cpp(55): error C2065: 'Table' : undeclared identifier
     1>c:\users\keith\documents\csce315\315database\dll\apiteam19\apiteam19\database.cpp(55): error C2146: syntax error : missing ')' before identifier 'insert'
     1>c:\users\keith\documents\csce315\315database\dll\apiteam19\apiteam19\database.cpp(55): error C2182: 'add_table' : illegal use of type 'void'
     1>c:\users\keith\documents\csce315\315database\dll\apiteam19\apiteam19\database.cpp(55): error C2059: syntax error : ')'
     1>c:\users\keith\documents\csce315\315database\dll\apiteam19\apiteam19\database.cpp(55): error C2143: syntax error : missing ';' before '{'
     1>c:\users\keith\documents\csce315\315database\dll\apiteam19\apiteam19\database.cpp(55): error C2447: '{' : missing function header (old-style formal list?)
     1>c:\users\keith\documents\csce315\315database\dll\apiteam19\apiteam19\database.cpp(69): error C2653: 'Database' : is not a class or namespace name
     1>c:\users\keith\documents\csce315\315database\dll\apiteam19\apiteam19\database.cpp(69): error C2065: 'String' : undeclared identifier
     1>c:\users\keith\documents\csce315\315database\dll\apiteam19\apiteam19\database.cpp(69): error C2146: syntax error : missing ')' before identifier 'name'
     1>c:\users\keith\documents\csce315\315database\dll\apiteam19\apiteam19\database.cpp(69): error C2182: 'drop_table' : illegal use of type 'void'
     1>c:\users\keith\documents\csce315\315database\dll\apiteam19\apiteam19\database.cpp(69): error C2059: syntax error : ')'
     1>c:\users\keith\documents\csce315\315database\dll\apiteam19\apiteam19\database.cpp(69): error C2143: syntax error : missing ';' before '{'
     1>c:\users\keith\documents\csce315\315database\dll\apiteam19\apiteam19\database.cpp(69): error C2447: '{' : missing function header (old-style formal list?)
     1>c:\users\keith\documents\csce315\315database\dll\apiteam19\apiteam19\database.cpp(88): error C2143: syntax error : missing ';' before '<'
     1>c:\users\keith\documents\csce315\315database\dll\apiteam19\apiteam19\database.cpp(88): error C4430: missing type specifier - int assumed. Note: C++ does not support default-int
     1>c:\users\keith\documents\csce315\315database\dll\apiteam19\apiteam19\database.cpp(88): error C2653: 'Database' : is not a class or namespace name
     1>c:\users\keith\documents\csce315\315database\dll\apiteam19\apiteam19\database.cpp(88): error C2143: syntax error : missing ';' before '{'
     1>c:\users\keith\documents\csce315\315database\dll\apiteam19\apiteam19\database.cpp(88): error C2447: '{' : missing function header (old-style formal list?)
     1>c:\users\keith\documents\csce315\315database\dll\apiteam19\apiteam19\database.cpp(99): error C2143: syntax error : missing ';' before '<'
     1>c:\users\keith\documents\csce315\315database\dll\apiteam19\apiteam19\database.cpp(99): error C4430: missing type specifier - int assumed. Note: C++ does not support default-int
     1>c:\users\keith\documents\csce315\315database\dll\apiteam19\apiteam19\database.cpp(99): error C2086: 'int list' : redefinition
                 c:\users\keith\documents\csce315\315database\dll\apiteam19\apiteam19\database.cpp(88) : see declaration of 'list'
     1>c:\users\keith\documents\csce315\315database\dll\apiteam19\apiteam19\database.cpp(99): error C2653: 'Database' : is not a class or namespace name
     1>c:\users\keith\documents\csce315\315database\dll\apiteam19\apiteam19\database.cpp(99): error C2143: syntax error : missing ';' before '{'
     1>c:\users\keith\documents\csce315\315database\dll\apiteam19\apiteam19\database.cpp(99): error C2447: '{' : missing function header (old-style formal list?)
     1>c:\users\keith\documents\csce315\315database\dll\apiteam19\apiteam19\database.cpp(111): error C2653: 'Database' : is not a class or namespace name
     1>c:\users\keith\documents\csce315\315database\dll\apiteam19\apiteam19\database.cpp(111): error C2146: syntax error : missing ';' before identifier 'query'
     1>c:\users\keith\documents\csce315\315database\dll\apiteam19\apiteam19\database.cpp(111): error C4430: missing type specifier - int assumed. Note: C++ does not support default-int
     1>c:\users\keith\documents\csce315\315database\dll\apiteam19\apiteam19\database.cpp(111): error C2065: 'String' : undeclared identifier
     1>c:\users\keith\documents\csce315\315database\dll\apiteam19\apiteam19\database.cpp(111): error C2065: 'SELECT' : undeclared identifier
     1>c:\users\keith\documents\csce315\315database\dll\apiteam19\apiteam19\database.cpp(111): error C2146: syntax error : missing ')' before identifier 'FROM'
     1>c:\users\keith\documents\csce315\315database\dll\apiteam19\apiteam19\database.cpp(111): error C2078: too many initializers
     1>c:\users\keith\documents\csce315\315database\dll\apiteam19\apiteam19\database.cpp(111): error C2059: syntax error : ')'
     1>c:\users\keith\documents\csce315\315database\dll\apiteam19\apiteam19\database.cpp(111): error C2143: syntax error : missing ';' before '{'
     1>c:\users\keith\documents\csce315\315database\dll\apiteam19\apiteam19\database.cpp(111): error C2447: '{' : missing function header (old-style formal list?)
     1>c:\users\keith\documents\csce315\315database\dll\apiteam19\apiteam19\database.cpp(245): error C2653: 'Database' : is not a class or namespace name
     1>c:\users\keith\documents\csce315\315database\dll\apiteam19\apiteam19\database.cpp(245): error C2065: 'String' : undeclared identifier
     1>c:\users\keith\documents\csce315\315database\dll\apiteam19\apiteam19\database.cpp(245): error C2065: 'SELECT' : undeclared identifier
     1>c:\users\keith\documents\csce315\315database\dll\apiteam19\apiteam19\database.cpp(245): error C3861: 'String': identifier not found
     1>c:\users\keith\documents\csce315\315database\dll\apiteam19\apiteam19\database.cpp(245): error C2146: syntax error : missing ')' before identifier 'WHERE'
     1>c:\users\keith\documents\csce315\315database\dll\apiteam19\apiteam19\database.cpp(245): error C2182: 'erase' : illegal use of type 'void'
     1>c:\users\keith\documents\csce315\315database\dll\apiteam19\apiteam19\database.cpp(245): error C2078: too many initializers
     1>c:\users\keith\documents\csce315\315database\dll\apiteam19\apiteam19\database.cpp(245): error C2059: syntax error : ')'
     1>c:\users\keith\documents\csce315\315database\dll\apiteam19\apiteam19\database.cpp(245): error C2143: syntax error : missing ';' before '{'
     1>c:\users\keith\documents\csce315\315database\dll\apiteam19\apiteam19\database.cpp(245): error C2447: '{' : missing function header (old-style formal list?)
     1>c:\users\keith\documents\csce315\315database\dll\apiteam19\apiteam19\database.cpp(248): error C2653: 'Database' : is not a class or namespace name
     1>c:\users\keith\documents\csce315\315database\dll\apiteam19\apiteam19\database.cpp(248): fatal error C1903: unable to recover from previous error(s); stopping compilation
         Generating Code...
     1>Done Building Project "C:\Users\Keith\Documents\csce315\315database\dll\APIteam19\APIteam19\APIteam19.vcxproj" (Build target(s)) -- FAILED.

Build FAILED.

Time Elapsed 00:00:01.70
