Build started 3/2/2013 1:04:50 AM.
     1>Project "C:\Users\Keith\Documents\csce315\315database\application\315application.vcxproj" on node 2 (Build target(s)).
     1>ClCompile:
         C:\Program Files (x86)\Microsoft Visual Studio 11.0\VC\bin\CL.exe /c /IC:\Users\Keith\Documents\csce315\315database\application /ZI /nologo /W3 /WX- /Od /Oy- /D WIN32 /D _DEBUG /D _CONSOLE /D _UNICODE /D UNICODE /Gm /EHsc /RTC1 /MDd /GS /fp:precise /Zc:wchar_t /Zc:forScope /Fo"Debug\\" /Fd"Debug\vc110.pdb" /Gd /TP /analyze- /errorReport:prompt main.cpp
         main.cpp
     1>c:\users\keith\documents\csce315\315database\application\main.cpp(546): warning C4715: 'read_from_chefmozaccepts' : not all control paths return a value
     1>c:\users\keith\documents\csce315\315database\application\main.cpp(301): warning C4715: 'read_from_rating_final' : not all control paths return a value
     1>c:\users\keith\documents\csce315\315database\application\main.cpp(591): warning C4715: 'read_from_chefmozcuisine' : not all control paths return a value
     1>c:\users\keith\documents\csce315\315database\application\main.cpp(638): warning C4715: 'read_from_chefmozparking' : not all control paths return a value
     1>c:\users\keith\documents\csce315\315database\application\main.cpp(685): warning C4715: 'read_from_userpayment' : not all control paths return a value
     1>c:\users\keith\documents\csce315\315database\application\main.cpp(501): warning C4715: 'read_from_userprofile' : not all control paths return a value
     1>c:\users\keith\documents\csce315\315database\application\main.cpp(732): warning C4715: 'read_from_usercuisine' : not all control paths return a value
     1>c:\users\keith\documents\csce315\315database\application\main.cpp(788): warning C4715: 'read_from_chefmozhours4' : not all control paths return a value
     1>c:\users\keith\documents\csce315\315database\application\main.cpp(228): warning C4715: 'read_from_geoplaces2' : not all control paths return a value
       Link:
         C:\Program Files (x86)\Microsoft Visual Studio 11.0\VC\bin\link.exe /ERRORREPORT:PROMPT /OUT:"C:\Users\Keith\Documents\csce315\315database\application\Debug\315application.exe" /INCREMENTAL /NOLOGO db_team07.lib kernel32.lib user32.lib gdi32.lib winspool.lib comdlg32.lib advapi32.lib shell32.lib ole32.lib oleaut32.lib uuid.lib odbc32.lib odbccp32.lib /MANIFEST /MANIFESTUAC:"level='asInvoker' uiAccess='false'" /manifest:embed /DEBUG /PDB:"C:\Users\Keith\Documents\csce315\315database\application\Debug\315application.pdb" /SUBSYSTEM:CONSOLE /TLBID:1 /DYNAMICBASE /NXCOMPAT /IMPLIB:"C:\Users\Keith\Documents\csce315\315database\application\Debug\315application.lib" /MACHINE:X86 Debug\main.obj
            Creating library C:\Users\Keith\Documents\csce315\315database\application\Debug\315application.lib and object C:\Users\Keith\Documents\csce315\315database\application\Debug\315application.exp
         315application.vcxproj -> C:\Users\Keith\Documents\csce315\315database\application\Debug\315application.exe
     1>Done Building Project "C:\Users\Keith\Documents\csce315\315database\application\315application.vcxproj" (Build target(s)).

Build succeeded.

Time Elapsed 00:00:06.54
