C:\USERS\HAMDAN\DOCUMENTS\DLL\DBMS\DEBUG\RECORD.OBJ
C:\USERS\HAMDAN\DOCUMENTS\DLL\DBMS\DEBUG\VC110.PDB
C:\USERS\HAMDAN\DOCUMENTS\DLL\DBMS\DEBUG\DBMS.ILK
C:\USERS\HAMDAN\DOCUMENTS\DLL\DBMS\DEBUG\DBMS.EXE
C:\USERS\HAMDAN\DOCUMENTS\DLL\DBMS\DEBUG\DBMS.PDB
C:\Users\Hamdan\Documents\Dll\DBMS\Debug\Record.obj
C:\Users\Hamdan\Documents\Dll\DBMS\Debug\DBMS.ilk
C:\Users\Hamdan\Documents\Dll\DBMS\Debug\cl.command.1.tlog
C:\Users\Hamdan\Documents\Dll\DBMS\Debug\CL.read.1.tlog
C:\Users\Hamdan\Documents\Dll\DBMS\Debug\CL.write.1.tlog
C:\Users\Hamdan\Documents\Dll\DBMS\Debug\link-cvtres.read.1.tlog
C:\Users\Hamdan\Documents\Dll\DBMS\Debug\link-cvtres.write.1.tlog
C:\Users\Hamdan\Documents\Dll\DBMS\Debug\link-rc.read.1.tlog
C:\Users\Hamdan\Documents\Dll\DBMS\Debug\link-rc.write.1.tlog
C:\Users\Hamdan\Documents\Dll\DBMS\Debug\link.2292-cvtres.read.1.tlog
C:\Users\Hamdan\Documents\Dll\DBMS\Debug\link.2292-cvtres.write.1.tlog
C:\Users\Hamdan\Documents\Dll\DBMS\Debug\link.2292-rc.read.1.tlog
C:\Users\Hamdan\Documents\Dll\DBMS\Debug\link.2292-rc.write.1.tlog
C:\Users\Hamdan\Documents\Dll\DBMS\Debug\link.2292.read.1.tlog
C:\Users\Hamdan\Documents\Dll\DBMS\Debug\link.2292.write.1.tlog
C:\Users\Hamdan\Documents\Dll\DBMS\Debug\link.3972-cvtres.read.1.tlog
C:\Users\Hamdan\Documents\Dll\DBMS\Debug\link.3972-cvtres.write.1.tlog
C:\Users\Hamdan\Documents\Dll\DBMS\Debug\link.3972-rc.read.1.tlog
C:\Users\Hamdan\Documents\Dll\DBMS\Debug\link.3972-rc.write.1.tlog
C:\Users\Hamdan\Documents\Dll\DBMS\Debug\link.3972.read.1.tlog
C:\Users\Hamdan\Documents\Dll\DBMS\Debug\link.3972.write.1.tlog
C:\Users\Hamdan\Documents\Dll\DBMS\Debug\link.3992-cvtres.read.1.tlog
C:\Users\Hamdan\Documents\Dll\DBMS\Debug\link.3992-cvtres.write.1.tlog
C:\Users\Hamdan\Documents\Dll\DBMS\Debug\link.3992-rc.read.1.tlog
C:\Users\Hamdan\Documents\Dll\DBMS\Debug\link.3992-rc.write.1.tlog
C:\Users\Hamdan\Documents\Dll\DBMS\Debug\link.3992.read.1.tlog
C:\Users\Hamdan\Documents\Dll\DBMS\Debug\link.3992.write.1.tlog
C:\Users\Hamdan\Documents\Dll\DBMS\Debug\link.7148-cvtres.read.1.tlog
C:\Users\Hamdan\Documents\Dll\DBMS\Debug\link.7148-cvtres.write.1.tlog
C:\Users\Hamdan\Documents\Dll\DBMS\Debug\link.7148-rc.read.1.tlog
C:\Users\Hamdan\Documents\Dll\DBMS\Debug\link.7148-rc.write.1.tlog
C:\Users\Hamdan\Documents\Dll\DBMS\Debug\link.7148.read.1.tlog
C:\Users\Hamdan\Documents\Dll\DBMS\Debug\link.7148.write.1.tlog
C:\Users\Hamdan\Documents\Dll\DBMS\Debug\link.command.1.tlog
C:\Users\Hamdan\Documents\Dll\DBMS\Debug\link.read.1.tlog
C:\Users\Hamdan\Documents\Dll\DBMS\Debug\link.write.1.tlog
C:\Users\Hamdan\Documents\Dll\DBMS\Debug\vc110.idb
C:\Users\Hamdan\Documents\Dll\DBMS\Debug\DBMS.pdb
C:\Users\Hamdan\Documents\Dll\DBMS\Debug\vc110.pdb
C:\Users\Hamdan\Documents\Dll\DBMS\Debug\DBMS.exe
